#
# There is insufficient memory for the Java Runtime Environment to continue.
# Native memory allocation (mmap) failed to map 268435456 bytes for Failed to commit area from 0x0000000701a00000 to 0x0000000711a00000 of length 268435456.
# Possible reasons:
#   The system is out of physical RAM or swap space
#   The process is running with CompressedOops enabled, and the Java Heap may be blocking the growth of the native heap
# Possible solutions:
#   Reduce memory load on the system
#   Increase physical memory or swap space
#   Check if swap backing store is full
#   Decrease Java heap size (-Xmx/-Xms)
#   Decrease number of Java threads
#   Decrease Java thread stack sizes (-Xss)
#   Set larger code cache with -XX:ReservedCodeCacheSize=
# This output file may be truncated or incomplete.
#
#  Out of Memory Error (./src/hotspot/os/windows/os_windows.cpp:3303), pid=12596, tid=27440
#
# JRE version:  (11.0.9.1+11) (build )
# Java VM: OpenJDK 64-Bit Server VM (11.0.9.1+11-b1145.77, mixed mode, sharing, tiered, compressed oops, g1 gc, windows-amd64)
# No core dump will be written. Minidumps are not enabled by default on client versions of Windows
#

---------------  S U M M A R Y ------------

Command Line: org.jetbrains.git4idea.http.GitAskPassApp Username for 'https://github.com': 

Host: Intel(R) Core(TM) i5-7200U CPU @ 2.50GHz, 4 cores, 15G,  Windows 10 , 64 bit Build 19041 (10.0.19041.1202)
Time: Wed Oct 27 10:48:17 2021 ???????? (????) elapsed time: 0.018088 seconds (0d 0h 0m 0s)

---------------  T H R E A D  ---------------

Current thread (0x000001dbb670e800):  JavaThread "Unknown thread" [_thread_in_vm, id=27440, stack(0x0000004dd2800000,0x0000004dd2900000)]

Stack: [0x0000004dd2800000,0x0000004dd2900000]
Native frames: (J=compiled Java code, j=interpreted, Vv=VM code, C=native code)
V  [jvm.dll+0x5edd9a]
V  [jvm.dll+0x7229c5]
V  [jvm.dll+0x723f1d]
V  [jvm.dll+0x7245d3]
V  [jvm.dll+0x2431b8]
V  [jvm.dll+0x5eb234]
V  [jvm.dll+0x5e0325]
V  [jvm.dll+0x2fe60b]
V  [jvm.dll+0x2fe57a]
V  [jvm.dll+0x2fe452]
V  [jvm.dll+0x303346]
V  [jvm.dll+0x34ba83]
V  [jvm.dll+0x34c186]
V  [jvm.dll+0x34bb83]
V  [jvm.dll+0x2d9218]
V  [jvm.dll+0x2da3c7]
V  [jvm.dll+0x701a67]
V  [jvm.dll+0x70325c]
V  [jvm.dll+0x359049]
V  [jvm.dll+0x6e552e]
V  [jvm.dll+0x3c1353]
V  [jvm.dll+0x3c3571]
C  [jli.dll+0x5373]
C  [ucrtbase.dll+0x21bb2]
C  [KERNEL32.DLL+0x17034]
C  [ntdll.dll+0x52651]


---------------  P R O C E S S  ---------------

Threads class SMR info:
_java_thread_list=0x000001dbb44d3460, length=0, elements={
}

Java Threads: ( => current thread )

Other Threads:
  0x000001dbb6727800 GCTaskThread "GC Thread#0" [stack: 0x0000004dd2900000,0x0000004dd2a00000] [id=20128]
  0x000001dbb6784000 ConcurrentGCThread "G1 Main Marker" [stack: 0x0000004dd2a00000,0x0000004dd2b00000] [id=29960]
  0x000001dbb6785800 ConcurrentGCThread "G1 Conc#0" [stack: 0x0000004dd2b00000,0x0000004dd2c00000] [id=8292]

[error occurred during error reporting (printing all threads), id 0xc0000005, EXCEPTION_ACCESS_VIOLATION (0xc0000005) at pc=0x00007ffa0c7b9807]

VM state:not at safepoint (not fully initialized)

VM Mutex/Monitor currently owned by a thread:  ([mutex/lock_event])
[0x000001dbb670ac10] Heap_lock - owner thread: 0x000001dbb670e800

Heap address: 0x0000000701a00000, size: 4070 MB, Compressed Oops mode: Non-zero based: 0x0000000701a00000
Narrow klass base: 0x0000000000000000, Narrow klass shift: 0

GC Heap History (0 events):
No events

Deoptimization events (0 events):
No events

Classes redefined (0 events):
No events

Internal exceptions (0 events):
No events

Events (1 events):
Event: 0.010 Loaded shared library C:\Program Files\JetBrains\IntelliJ IDEA 2020.3.2\jbr\bin\zip.dll


Dynamic libraries:
0x00007ff75f7b0000 - 0x00007ff75f7ba000 	C:\Program Files\JetBrains\IntelliJ IDEA 2020.3.2\jbr\bin\java.exe
0x00007ffa6e070000 - 0x00007ffa6e265000 	C:\WINDOWS\SYSTEM32\ntdll.dll
0x00007ffa6c790000 - 0x00007ffa6c84e000 	C:\WINDOWS\System32\KERNEL32.DLL
0x00007ffa6bb10000 - 0x00007ffa6bdd9000 	C:\WINDOWS\System32\KERNELBASE.dll
0x00007ffa6ba10000 - 0x00007ffa6bb10000 	C:\WINDOWS\System32\ucrtbase.dll
0x00007ffa58990000 - 0x00007ffa589a7000 	C:\Program Files\JetBrains\IntelliJ IDEA 2020.3.2\jbr\bin\VCRUNTIME140.dll
0x00007ffa5b760000 - 0x00007ffa5b779000 	C:\Program Files\JetBrains\IntelliJ IDEA 2020.3.2\jbr\bin\jli.dll
0x00007ffa6c310000 - 0x00007ffa6c4b1000 	C:\WINDOWS\System32\USER32.dll
0x00007ffa6b7f0000 - 0x00007ffa6b812000 	C:\WINDOWS\System32\win32u.dll
0x00007ffa6cad0000 - 0x00007ffa6cafb000 	C:\WINDOWS\System32\GDI32.dll
0x00007ffa6be80000 - 0x00007ffa6bf8b000 	C:\WINDOWS\System32\gdi32full.dll
0x00007ffa6bde0000 - 0x00007ffa6be7d000 	C:\WINDOWS\System32\msvcp_win.dll
0x00007ffa58e60000 - 0x00007ffa590fa000 	C:\WINDOWS\WinSxS\amd64_microsoft.windows.common-controls_6595b64144ccf1df_6.0.19041.1110_none_60b5254171f9507e\COMCTL32.dll
0x00007ffa6d970000 - 0x00007ffa6da0e000 	C:\WINDOWS\System32\msvcrt.dll
0x00007ffa6df30000 - 0x00007ffa6df60000 	C:\WINDOWS\System32\IMM32.DLL
0x00007ffa41080000 - 0x00007ffa4111d000 	C:\Program Files\JetBrains\IntelliJ IDEA 2020.3.2\jbr\bin\msvcp140.dll
0x00007ffa0c4d0000 - 0x00007ffa0cf9e000 	C:\Program Files\JetBrains\IntelliJ IDEA 2020.3.2\jbr\bin\server\jvm.dll
0x00007ffa6c5a0000 - 0x00007ffa6c64c000 	C:\WINDOWS\System32\ADVAPI32.dll
0x00007ffa6da10000 - 0x00007ffa6daab000 	C:\WINDOWS\System32\sechost.dll
0x00007ffa6c660000 - 0x00007ffa6c78a000 	C:\WINDOWS\System32\RPCRT4.dll
0x00007ffa6d900000 - 0x00007ffa6d908000 	C:\WINDOWS\System32\PSAPI.DLL
0x00007ffa49430000 - 0x00007ffa49439000 	C:\WINDOWS\SYSTEM32\WSOCK32.dll
0x00007ffa5f370000 - 0x00007ffa5f37a000 	C:\WINDOWS\SYSTEM32\VERSION.dll
0x00007ffa6d4a0000 - 0x00007ffa6d50b000 	C:\WINDOWS\System32\WS2_32.dll
0x00007ffa5b230000 - 0x00007ffa5b257000 	C:\WINDOWS\SYSTEM32\WINMM.dll
0x00007ffa6a040000 - 0x00007ffa6a052000 	C:\WINDOWS\SYSTEM32\kernel.appcore.dll
0x00007ffa61910000 - 0x00007ffa61921000 	C:\Program Files\JetBrains\IntelliJ IDEA 2020.3.2\jbr\bin\verify.dll
0x00007ffa66540000 - 0x00007ffa66724000 	C:\WINDOWS\SYSTEM32\DBGHELP.DLL
0x00007ffa5ff70000 - 0x00007ffa5ff9c000 	C:\WINDOWS\SYSTEM32\dbgcore.DLL
0x00007ffa6b820000 - 0x00007ffa6b8a3000 	C:\WINDOWS\System32\bcryptPrimitives.dll
0x00007ffa61820000 - 0x00007ffa61849000 	C:\Program Files\JetBrains\IntelliJ IDEA 2020.3.2\jbr\bin\java.dll
0x00007ffa619f0000 - 0x00007ffa619fb000 	C:\Program Files\JetBrains\IntelliJ IDEA 2020.3.2\jbr\bin\jimage.dll
0x00007ffa61800000 - 0x00007ffa61818000 	C:\Program Files\JetBrains\IntelliJ IDEA 2020.3.2\jbr\bin\zip.dll

dbghelp: loaded successfully - version: 4.0.5 - missing functions: none
symbol engine: initialized successfully - sym options: 0x614 - pdb path: .;C:\Program Files\JetBrains\IntelliJ IDEA 2020.3.2\jbr\bin;C:\WINDOWS\SYSTEM32;C:\WINDOWS\WinSxS\amd64_microsoft.windows.common-controls_6595b64144ccf1df_6.0.19041.1110_none_60b5254171f9507e;C:\Program Files\JetBrains\IntelliJ IDEA 2020.3.2\jbr\bin\server

VM Arguments:
java_command: org.jetbrains.git4idea.http.GitAskPassApp Username for 'https://github.com': 
java_class_path (initial): C:/Program Files/JetBrains/IntelliJ IDEA 2020.3.2/plugins/git4idea/lib/git4idea-rt.jar;C:/Program Files/JetBrains/IntelliJ IDEA 2020.3.2/lib/xmlrpc-2.0.1.jar;C:/Program Files/JetBrains/IntelliJ IDEA 2020.3.2/lib/commons-codec-1.14.jar
Launcher Type: SUN_STANDARD

[Global flags]
     intx CICompilerCount                          = 3                                         {product} {ergonomic}
     uint ConcGCThreads                            = 1                                         {product} {ergonomic}
     uint G1ConcRefinementThreads                  = 4                                         {product} {ergonomic}
   size_t G1HeapRegionSize                         = 1048576                                   {product} {ergonomic}
    uintx GCDrainStackTargetSize                   = 64                                        {product} {ergonomic}
   size_t InitialHeapSize                          = 268435456                                 {product} {ergonomic}
   size_t MarkStackSize                            = 4194304                                   {product} {ergonomic}
   size_t MaxHeapSize                              = 4267704320                                {product} {ergonomic}
   size_t MinHeapDeltaBytes                        = 1048576                                   {product} {ergonomic}
    uintx NonNMethodCodeHeapSize                   = 5830732                                {pd product} {ergonomic}
    uintx NonProfiledCodeHeapSize                  = 122913754                              {pd product} {ergonomic}
    uintx ProfiledCodeHeapSize                     = 122913754                              {pd product} {ergonomic}
    uintx ReservedCodeCacheSize                    = 251658240                              {pd product} {ergonomic}
     bool SegmentedCodeCache                       = true                                      {product} {ergonomic}
     bool UseCompressedClassPointers               = true                                 {lp64_product} {ergonomic}
     bool UseCompressedOops                        = true                                 {lp64_product} {ergonomic}
     bool UseG1GC                                  = true                                      {product} {ergonomic}
     bool UseLargePagesIndividualAllocation        = false                                  {pd product} {ergonomic}

Logging:
Log output configuration:
 #0: stdout all=warning uptime,level,tags
 #1: stderr all=off uptime,level,tags

Environment Variables:
JAVA_HOME=C:\Program Files\Java\jdk-15.0.2
CLASSPATH=.;
PATH=C:\Program Files\Git\mingw64\libexec\git-core;C:\Program Files\Git\mingw64\libexec\git-core;C:\Program Files\Git\mingw64\bin;C:\Program Files\Git\usr\bin;C:\Users\Alexey\bin;C:\Python39\Scripts;C:\Python39;C:\Program Files\Common Files\Oracle\Java\javapath;C:\WINDOWS\system32;C:\WINDOWS;C:\WINDOWS\System32\Wbem;C:\WINDOWS\System32\WindowsPowerShell\v1.0;C:\Program Files\PuTTY;C:\Program Files\Calibre2;C:\WINDOWS\System32\OpenSSH;C:\Program Files\Intel\WiFi\bin;C:\Program Files\Common Files\Intel\WirelessCommon;C:\Users\Alexey\.dnx\bin;C:\Program Files\Microsoft DNX\Dnvm;C:\Program Files\Microsoft SQL Server\130\Tools\Binn;C:\Program Files\dotnet;C:\Program Files\Microsoft SQL Server\Client SDK\ODBC\170\Tools\Binn;C:\Program Files\Java\jdk-15.0.2\bin;C:\Program Files (x86)\Microsoft SQL Server\150\Tools\Binn;C:\Program Files\Microsoft SQL Server\150\Tools\Binn;C:\Program Files\Microsoft SQL Server\150\DTS\Binn;C:\Program Files (x86)\Microsoft SQL Server\150\DTS\Binn;C:\Program Files\Azure Data Studio\bin;C:\Program Files\Git\cmd;C:\ProgramData\chocolatey\bin;C:\Program Files (x86)\Intel\Intel(R) Management Engine Components\DAL;C:\Program Files\Intel\Intel(R) Management Engine Components\DAL;C:\Program Files\nodejs;C:\Users\Alexey\AppData\Local\Microsoft\WindowsApps;C:\Program Files\Intel\WiFi\bin;C:\Program Files\Common Files\Intel\WirelessCommon;C:\Users\Alexey\.dotnet\tools;C:\Program Files\Azure Data Studio\bin;C:\Program Files\JetBrains\IntelliJ IDEA Community Edition 2020.3.2\bin;C:\Users\Alexey\AppData\Local\Programs\Microsoft VS Code\bin;C:\apache-maven-3.8.1\bin;C:\Users\Alexey\AppData\Roaming\npm
USERNAME=Alexey
DISPLAY=:0.0
LC_ALL=en_US.UTF-8
OS=Windows_NT
PROCESSOR_IDENTIFIER=Intel64 Family 6 Model 142 Stepping 9, GenuineIntel



---------------  S Y S T E M  ---------------

OS: Windows 10 , 64 bit Build 19041 (10.0.19041.1202)
OS uptime: 8 days 9:58 hours

CPU:total 4 (initial active 4) (2 cores per cpu, 2 threads per core) family 6 model 142 stepping 9, cmov, cx8, fxsr, mmx, sse, sse2, sse3, ssse3, sse4.1, sse4.2, popcnt, avx, avx2, aes, clmul, erms, 3dnowpref, lzcnt, ht, tsc, tscinvbit, bmi1, bmi2, adx, fma

Memory: 4k page, system-wide physical 16279M (311M free)
TotalPageFile size 24375M (AvailPageFile size 135M)
current process WorkingSet (physical memory assigned to process): 9M, peak: 9M
current process commit charge ("private bytes"): 52M, peak: 308M

vm_info: OpenJDK 64-Bit Server VM (11.0.9.1+11-b1145.77) for windows-amd64 JRE (11.0.9.1+11-b1145.77), built on Jan 16 2021 05:14:13 by "" with MS VC++ 14.0 (VS2015)

END.
