#
# There is insufficient memory for the Java Runtime Environment to continue.
# Native memory allocation (malloc) failed to allocate 8208 bytes for AllocateHeap
# Possible reasons:
#   The system is out of physical RAM or swap space
#   The process is running with CompressedOops enabled, and the Java Heap may be blocking the growth of the native heap
# Possible solutions:
#   Reduce memory load on the system
#   Increase physical memory or swap space
#   Check if swap backing store is full
#   Decrease Java heap size (-Xmx/-Xms)
#   Decrease number of Java threads
#   Decrease Java thread stack sizes (-Xss)
#   Set larger code cache with -XX:ReservedCodeCacheSize=
#   JVM is running with Zero Based Compressed Oops mode in which the Java heap is
#     placed in the first 32GB address space. The Java Heap base address is the
#     maximum limit for the native heap growth. Please use -XX:HeapBaseMinAddress
#     to set the Java Heap base and to place the Java Heap above 32GB virtual address.
# This output file may be truncated or incomplete.
#
#  Out of Memory Error (./open/src/hotspot/share/memory/allocation.cpp:44), pid=33312, tid=33120
#
# JRE version: Java(TM) SE Runtime Environment (15.0.2+7) (build 15.0.2+7-27)
# Java VM: Java HotSpot(TM) 64-Bit Server VM (15.0.2+7-27, mixed mode, sharing, tiered, compressed oops, g1 gc, windows-amd64)
# No core dump will be written. Minidumps are not enabled by default on client versions of Windows
#

---------------  S U M M A R Y ------------

Command Line: -XX:TieredStopAtLevel=1 -Xverify:none -Dspring.output.ansi.enabled=always -javaagent:C:\Program Files\JetBrains\IntelliJ IDEA 2020.3.2\lib\idea_rt.jar=63918:C:\Program Files\JetBrains\IntelliJ IDEA 2020.3.2\bin -Dcom.sun.management.jmxremote -Dspring.jmx.enabled=true -Dspring.liveBeansView.mbeanDomain -Dspring.application.admin.enabled=true -Dfile.encoding=UTF-8 by.perkal.FindYourTutorApplication

Host: Intel(R) Core(TM) i5-7200U CPU @ 2.50GHz, 4 cores, 15G,  Windows 10 , 64 bit Build 19041 (10.0.19041.1202)
Time: Wed Oct 27 11:41:15 2021 ???????? (????) elapsed time: 3.829579 seconds (0d 0h 0m 3s)

---------------  T H R E A D  ---------------

Current thread (0x000001beffac33b0):  JavaThread "background-preinit" [_thread_in_Java, id=33120, stack(0x0000007f4fe00000,0x0000007f4ff00000)]

Stack: [0x0000007f4fe00000,0x0000007f4ff00000]
[error occurred during error reporting (printing stack bounds), id 0xc0000005, EXCEPTION_ACCESS_VIOLATION (0xc0000005) at pc=0x00007ffa033f53f5]

Native frames: (J=compiled Java code, j=interpreted, Vv=VM code, C=native code)
V  [jvm.dll+0x62ae9a]
V  [jvm.dll+0x7817a9]
V  [jvm.dll+0x782f03]
V  [jvm.dll+0x7834c5]
V  [jvm.dll+0x78347b]
V  [jvm.dll+0x62a2b9]
V  [jvm.dll+0x62aa88]
C  [ntdll.dll+0xa20cf]
C  [ntdll.dll+0x51454]
C  [ntdll.dll+0xa0bfe]
V  [jvm.dll+0x6953f5]
C  0x000001be88160bbe


---------------  P R O C E S S  ---------------

Threads class SMR info:
_java_thread_list=0x000001beffadc080, length=17, elements={
0x000001bef890ce90, 0x000001befe696d50, 0x000001befe697920, 0x000001befe6acf40,
0x000001befe6ad800, 0x000001befe6ae1c0, 0x000001befefc30a0, 0x000001befefc4140,
0x000001befe677160, 0x000001beff3ae860, 0x000001beff3aed30, 0x000001beff551c50,
0x000001beff94a0b0, 0x000001beff996800, 0x000001beff94bb70, 0x000001beff9a1c50,
0x000001beffac33b0
}

Java Threads: ( => current thread )
  0x000001bef890ce90 JavaThread "main" [_thread_blocked, id=33432, stack(0x0000007f4e300000,0x0000007f4e400000)]
  0x000001befe696d50 JavaThread "Reference Handler" daemon [_thread_blocked, id=16108, stack(0x0000007f4ea00000,0x0000007f4eb00000)]
  0x000001befe697920 JavaThread "Finalizer" daemon [_thread_blocked, id=4840, stack(0x0000007f4eb00000,0x0000007f4ec00000)]
  0x000001befe6acf40 JavaThread "Signal Dispatcher" daemon [_thread_blocked, id=35620, stack(0x0000007f4ec00000,0x0000007f4ed00000)]
  0x000001befe6ad800 JavaThread "Attach Listener" daemon [_thread_blocked, id=24848, stack(0x0000007f4ed00000,0x0000007f4ee00000)]
  0x000001befe6ae1c0 JavaThread "Service Thread" daemon [_thread_blocked, id=20764, stack(0x0000007f4ee00000,0x0000007f4ef00000)]
  0x000001befefc30a0 JavaThread "C1 CompilerThread0" daemon [_thread_blocked, id=35044, stack(0x0000007f4ef00000,0x0000007f4f000000)]
  0x000001befefc4140 JavaThread "Sweeper thread" daemon [_thread_blocked, id=26128, stack(0x0000007f4f000000,0x0000007f4f100000)]
  0x000001befe677160 JavaThread "Common-Cleaner" daemon [_thread_blocked, id=35884, stack(0x0000007f4f100000,0x0000007f4f200000)]
  0x000001beff3ae860 JavaThread "Monitor Ctrl-Break" daemon [_thread_in_native, id=27888, stack(0x0000007f4f200000,0x0000007f4f300000)]
  0x000001beff3aed30 JavaThread "Notification Thread" daemon [_thread_blocked, id=34748, stack(0x0000007f4f300000,0x0000007f4f400000)]
  0x000001beff551c50 JavaThread "RMI TCP Accept-0" daemon [_thread_in_native, id=13636, stack(0x0000007f4f400000,0x0000007f4f500000)]
  0x000001beff94a0b0 JavaThread "Thread-0" [_thread_blocked, id=32828, stack(0x0000007f4fb00000,0x0000007f4fc00000)]
  0x000001beff996800 JavaThread "restartedMain" [_thread_blocked, id=29904, stack(0x0000007f4fc00000,0x0000007f4fd00000)]
  0x000001beff94bb70 JavaThread "RMI TCP Connection(1)-192.168.56.104" daemon [_thread_in_native, id=35700, stack(0x0000007f4fd00000,0x0000007f4fe00000)]
  0x000001beff9a1c50 JavaThread "RMI Scheduler(0)" daemon [_thread_blocked, id=16984, stack(0x0000007f4fa00000,0x0000007f4fb00000)]
=>0x000001beffac33b0 JavaThread "background-preinit" [_thread_in_Java, id=33120, stack(0x0000007f4fe00000,0x0000007f4ff00000)]

Other Threads:
  0x000001befe68e8f0 VMThread "VM Thread" [stack: 0x0000007f4e900000,0x0000007f4ea00000] [id=2328] _threads_hazard_ptr=0x000001beffadc080
  0x000001beff57fac0 WatcherThread [stack: 0x0000007f4f500000,0x0000007f4f600000] [id=19360]
  0x000001bef895d8a0 GCTaskThread "GC Thread#0" [stack: 0x0000007f4e400000,0x0000007f4e500000] [id=36044]
  0x000001beff60c600 GCTaskThread "GC Thread#1" [stack: 0x0000007f4f600000,0x0000007f4f700000] [id=36332]
  0x000001beff60c930 GCTaskThread "GC Thread#2" [stack: 0x0000007f4f700000,0x0000007f4f800000] [id=36788]
  0x000001beff60df80 GCTaskThread "GC Thread#3" [stack: 0x0000007f4f800000,0x0000007f4f900000] [id=10616]
  0x000001bef896f8d0 ConcurrentGCThread "G1 Main Marker" [stack: 0x0000007f4e500000,0x0000007f4e600000] [id=9860]
  0x000001bef89704c0 ConcurrentGCThread "G1 Conc#0" [stack: 0x0000007f4e600000,0x0000007f4e700000] [id=34852]
  0x000001bef89d3140 ConcurrentGCThread "G1 Refine#0" [stack: 0x0000007f4e700000,0x0000007f4e800000] [id=36276]
  0x000001beff624a40 ConcurrentGCThread "G1 Refine#1" [stack: 0x0000007f4f900000,0x0000007f4fa00000] [id=35568]
  0x000001befe5120c0 ConcurrentGCThread "G1 Young RemSet Sampling" [stack: 0x0000007f4e800000,0x0000007f4e900000] [id=20404]

Threads with active compile tasks:

VM state: synchronizing (normal execution)

VM Mutex/Monitor currently owned by a thread:  ([mutex/lock_event])
[0x000001bef890ad20] Threads_lock - owner thread: 0x000001befe68e8f0
[0x000001bef8909fa0] Heap_lock - owner thread: 0x000001bef896f8d0

OutOfMemory and StackOverflow Exception counts:
OutOfMemoryError java_heap_errors=1
LinkageErrors=46

Heap address: 0x0000000701a00000, size: 4070 MB, Compressed Oops mode: Zero based, Oop shift amount: 3
CDS archive(s) mapped at: [0x0000000800000000-0x0000000800b50000-0x0000000800b50000), size 11862016, SharedBaseAddress: 0x0000000800000000, ArchiveRelocationMode: 0.
Compressed class space mapped at: 0x0000000800b50000-0x0000000840b50000, size: 1073741824
Narrow klass base: 0x0000000800000000, Narrow klass shift: 3, Narrow klass range: 0x100000000

GC Precious Log:
 CPUs: 4 total, 4 available
 Memory: 16279M
 Large Page Support: Disabled
 NUMA Support: Disabled
 Compressed Oops: Enabled (Zero based)
 Heap Region Size: 2M
 Heap Min Capacity: 8M
 Heap Initial Capacity: 256M
 Heap Max Capacity: 4070M
 Pre-touch: Disabled
 Parallel Workers: 4
 Concurrent Workers: 1
 Concurrent Refinement Workers: 4
 Periodic GC: Disabled

Heap:
 garbage-first heap   total 262144K, used 8673K [0x0000000701a00000, 0x0000000800000000)
  region size 2048K, 3 young (6144K), 2 survivors (4096K)
 Metaspace       used 12103K, capacity 12478K, committed 12800K, reserved 1073152K
  class space    used 1566K, capacity 1701K, committed 1792K, reserved 1048576K

Heap Regions: E=young(eden), S=young(survivor), O=old, HS=humongous(starts), HC=humongous(continues), CS=collection set, F=free, OA=open archive, CA=closed archive, TAMS=top-at-mark-start (previous, next)
|   0|0x0000000701a00000, 0x0000000701c00000, 0x0000000701c00000|100%| O|  |TAMS 0x0000000701a00000, 0x0000000701c00000| Untracked 
|   1|0x0000000701c00000, 0x0000000701e00000, 0x0000000701e00000|100%| O|  |TAMS 0x0000000701c00000, 0x0000000701e00000| Untracked 
|   2|0x0000000701e00000, 0x0000000701f7ea00, 0x0000000702000000| 74%| O|  |TAMS 0x0000000701e00000, 0x0000000701f7ea00| Untracked 
|   3|0x0000000702000000, 0x0000000702000000, 0x0000000702200000|  0%| F|  |TAMS 0x0000000702000000, 0x0000000702000000| Untracked 
|   4|0x0000000702200000, 0x0000000702200000, 0x0000000702400000|  0%| F|  |TAMS 0x0000000702200000, 0x0000000702200000| Untracked 
|   5|0x0000000702400000, 0x0000000702400000, 0x0000000702600000|  0%| F|  |TAMS 0x0000000702400000, 0x0000000702400000| Untracked 
|   6|0x0000000702600000, 0x0000000702600000, 0x0000000702800000|  0%| F|  |TAMS 0x0000000702600000, 0x0000000702600000| Untracked 
|   7|0x0000000702800000, 0x0000000702800000, 0x0000000702a00000|  0%| F|  |TAMS 0x0000000702800000, 0x0000000702800000| Untracked 
|   8|0x0000000702a00000, 0x0000000702a00000, 0x0000000702c00000|  0%| F|  |TAMS 0x0000000702a00000, 0x0000000702a00000| Untracked 
|   9|0x0000000702c00000, 0x0000000702c00000, 0x0000000702e00000|  0%| F|  |TAMS 0x0000000702c00000, 0x0000000702c00000| Untracked 
|  10|0x0000000702e00000, 0x0000000702e00000, 0x0000000703000000|  0%| F|  |TAMS 0x0000000702e00000, 0x0000000702e00000| Untracked 
|  11|0x0000000703000000, 0x0000000703000000, 0x0000000703200000|  0%| F|  |TAMS 0x0000000703000000, 0x0000000703000000| Untracked 
|  12|0x0000000703200000, 0x0000000703200000, 0x0000000703400000|  0%| F|  |TAMS 0x0000000703200000, 0x0000000703200000| Untracked 
|  13|0x0000000703400000, 0x0000000703400000, 0x0000000703600000|  0%| F|  |TAMS 0x0000000703400000, 0x0000000703400000| Untracked 
|  14|0x0000000703600000, 0x0000000703600000, 0x0000000703800000|  0%| F|  |TAMS 0x0000000703600000, 0x0000000703600000| Untracked 
|  15|0x0000000703800000, 0x0000000703800000, 0x0000000703a00000|  0%| F|  |TAMS 0x0000000703800000, 0x0000000703800000| Untracked 
|  16|0x0000000703a00000, 0x0000000703a00000, 0x0000000703c00000|  0%| F|  |TAMS 0x0000000703a00000, 0x0000000703a00000| Untracked 
|  17|0x0000000703c00000, 0x0000000703c00000, 0x0000000703e00000|  0%| F|  |TAMS 0x0000000703c00000, 0x0000000703c00000| Untracked 
|  18|0x0000000703e00000, 0x0000000703e00000, 0x0000000704000000|  0%| F|  |TAMS 0x0000000703e00000, 0x0000000703e00000| Untracked 
|  19|0x0000000704000000, 0x0000000704000000, 0x0000000704200000|  0%| F|  |TAMS 0x0000000704000000, 0x0000000704000000| Untracked 
|  20|0x0000000704200000, 0x0000000704200000, 0x0000000704400000|  0%| F|  |TAMS 0x0000000704200000, 0x0000000704200000| Untracked 
|  21|0x0000000704400000, 0x0000000704400000, 0x0000000704600000|  0%| F|  |TAMS 0x0000000704400000, 0x0000000704400000| Untracked 
|  22|0x0000000704600000, 0x0000000704600000, 0x0000000704800000|  0%| F|  |TAMS 0x0000000704600000, 0x0000000704600000| Untracked 
|  23|0x0000000704800000, 0x0000000704800000, 0x0000000704a00000|  0%| F|  |TAMS 0x0000000704800000, 0x0000000704800000| Untracked 
|  24|0x0000000704a00000, 0x0000000704a00000, 0x0000000704c00000|  0%| F|  |TAMS 0x0000000704a00000, 0x0000000704a00000| Untracked 
|  25|0x0000000704c00000, 0x0000000704c00000, 0x0000000704e00000|  0%| F|  |TAMS 0x0000000704c00000, 0x0000000704c00000| Untracked 
|  26|0x0000000704e00000, 0x0000000704e00000, 0x0000000705000000|  0%| F|  |TAMS 0x0000000704e00000, 0x0000000704e00000| Untracked 
|  27|0x0000000705000000, 0x0000000705000000, 0x0000000705200000|  0%| F|  |TAMS 0x0000000705000000, 0x0000000705000000| Untracked 
|  28|0x0000000705200000, 0x0000000705200000, 0x0000000705400000|  0%| F|  |TAMS 0x0000000705200000, 0x0000000705200000| Untracked 
|  29|0x0000000705400000, 0x0000000705400000, 0x0000000705600000|  0%| F|  |TAMS 0x0000000705400000, 0x0000000705400000| Untracked 
|  30|0x0000000705600000, 0x0000000705600000, 0x0000000705800000|  0%| F|  |TAMS 0x0000000705600000, 0x0000000705600000| Untracked 
|  31|0x0000000705800000, 0x0000000705800000, 0x0000000705a00000|  0%| F|  |TAMS 0x0000000705800000, 0x0000000705800000| Untracked 
|  32|0x0000000705a00000, 0x0000000705a00000, 0x0000000705c00000|  0%| F|  |TAMS 0x0000000705a00000, 0x0000000705a00000| Untracked 
|  33|0x0000000705c00000, 0x0000000705c00000, 0x0000000705e00000|  0%| F|  |TAMS 0x0000000705c00000, 0x0000000705c00000| Untracked 
|  34|0x0000000705e00000, 0x0000000705e00000, 0x0000000706000000|  0%| F|  |TAMS 0x0000000705e00000, 0x0000000705e00000| Untracked 
|  35|0x0000000706000000, 0x0000000706000000, 0x0000000706200000|  0%| F|  |TAMS 0x0000000706000000, 0x0000000706000000| Untracked 
|  36|0x0000000706200000, 0x0000000706200000, 0x0000000706400000|  0%| F|  |TAMS 0x0000000706200000, 0x0000000706200000| Untracked 
|  37|0x0000000706400000, 0x0000000706400000, 0x0000000706600000|  0%| F|  |TAMS 0x0000000706400000, 0x0000000706400000| Untracked 
|  38|0x0000000706600000, 0x0000000706600000, 0x0000000706800000|  0%| F|  |TAMS 0x0000000706600000, 0x0000000706600000| Untracked 
|  39|0x0000000706800000, 0x0000000706800000, 0x0000000706a00000|  0%| F|  |TAMS 0x0000000706800000, 0x0000000706800000| Untracked 
|  40|0x0000000706a00000, 0x0000000706a00000, 0x0000000706c00000|  0%| F|  |TAMS 0x0000000706a00000, 0x0000000706a00000| Untracked 
|  41|0x0000000706c00000, 0x0000000706c00000, 0x0000000706e00000|  0%| F|  |TAMS 0x0000000706c00000, 0x0000000706c00000| Untracked 
|  42|0x0000000706e00000, 0x0000000706e00000, 0x0000000707000000|  0%| F|  |TAMS 0x0000000706e00000, 0x0000000706e00000| Untracked 
|  43|0x0000000707000000, 0x0000000707000000, 0x0000000707200000|  0%| F|  |TAMS 0x0000000707000000, 0x0000000707000000| Untracked 
|  44|0x0000000707200000, 0x0000000707200000, 0x0000000707400000|  0%| F|  |TAMS 0x0000000707200000, 0x0000000707200000| Untracked 
|  45|0x0000000707400000, 0x0000000707400000, 0x0000000707600000|  0%| F|  |TAMS 0x0000000707400000, 0x0000000707400000| Untracked 
|  46|0x0000000707600000, 0x0000000707600000, 0x0000000707800000|  0%| F|  |TAMS 0x0000000707600000, 0x0000000707600000| Untracked 
|  47|0x0000000707800000, 0x0000000707800000, 0x0000000707a00000|  0%| F|  |TAMS 0x0000000707800000, 0x0000000707800000| Untracked 
|  48|0x0000000707a00000, 0x0000000707a00000, 0x0000000707c00000|  0%| F|  |TAMS 0x0000000707a00000, 0x0000000707a00000| Untracked 
|  49|0x0000000707c00000, 0x0000000707c00000, 0x0000000707e00000|  0%| F|  |TAMS 0x0000000707c00000, 0x0000000707c00000| Untracked 
|  50|0x0000000707e00000, 0x0000000707e00000, 0x0000000708000000|  0%| F|  |TAMS 0x0000000707e00000, 0x0000000707e00000| Untracked 
|  51|0x0000000708000000, 0x0000000708000000, 0x0000000708200000|  0%| F|  |TAMS 0x0000000708000000, 0x0000000708000000| Untracked 
|  52|0x0000000708200000, 0x0000000708200000, 0x0000000708400000|  0%| F|  |TAMS 0x0000000708200000, 0x0000000708200000| Untracked 
|  53|0x0000000708400000, 0x0000000708400000, 0x0000000708600000|  0%| F|  |TAMS 0x0000000708400000, 0x0000000708400000| Untracked 
|  54|0x0000000708600000, 0x0000000708600000, 0x0000000708800000|  0%| F|  |TAMS 0x0000000708600000, 0x0000000708600000| Untracked 
|  55|0x0000000708800000, 0x0000000708800000, 0x0000000708a00000|  0%| F|  |TAMS 0x0000000708800000, 0x0000000708800000| Untracked 
|  56|0x0000000708a00000, 0x0000000708a00000, 0x0000000708c00000|  0%| F|  |TAMS 0x0000000708a00000, 0x0000000708a00000| Untracked 
|  57|0x0000000708c00000, 0x0000000708c00000, 0x0000000708e00000|  0%| F|  |TAMS 0x0000000708c00000, 0x0000000708c00000| Untracked 
|  58|0x0000000708e00000, 0x0000000708e00000, 0x0000000709000000|  0%| F|  |TAMS 0x0000000708e00000, 0x0000000708e00000| Untracked 
|  59|0x0000000709000000, 0x0000000709000000, 0x0000000709200000|  0%| F|  |TAMS 0x0000000709000000, 0x0000000709000000| Untracked 
|  60|0x0000000709200000, 0x0000000709200000, 0x0000000709400000|  0%| F|  |TAMS 0x0000000709200000, 0x0000000709200000| Untracked 
|  61|0x0000000709400000, 0x0000000709400000, 0x0000000709600000|  0%| F|  |TAMS 0x0000000709400000, 0x0000000709400000| Untracked 
|  62|0x0000000709600000, 0x0000000709600000, 0x0000000709800000|  0%| F|  |TAMS 0x0000000709600000, 0x0000000709600000| Untracked 
|  63|0x0000000709800000, 0x0000000709800000, 0x0000000709a00000|  0%| F|  |TAMS 0x0000000709800000, 0x0000000709800000| Untracked 
|  64|0x0000000709a00000, 0x0000000709a00000, 0x0000000709c00000|  0%| F|  |TAMS 0x0000000709a00000, 0x0000000709a00000| Untracked 
|  65|0x0000000709c00000, 0x0000000709c00000, 0x0000000709e00000|  0%| F|  |TAMS 0x0000000709c00000, 0x0000000709c00000| Untracked 
|  66|0x0000000709e00000, 0x0000000709e00000, 0x000000070a000000|  0%| F|  |TAMS 0x0000000709e00000, 0x0000000709e00000| Untracked 
|  67|0x000000070a000000, 0x000000070a000000, 0x000000070a200000|  0%| F|  |TAMS 0x000000070a000000, 0x000000070a000000| Untracked 
|  68|0x000000070a200000, 0x000000070a200000, 0x000000070a400000|  0%| F|  |TAMS 0x000000070a200000, 0x000000070a200000| Untracked 
|  69|0x000000070a400000, 0x000000070a400000, 0x000000070a600000|  0%| F|  |TAMS 0x000000070a400000, 0x000000070a400000| Untracked 
|  70|0x000000070a600000, 0x000000070a600000, 0x000000070a800000|  0%| F|  |TAMS 0x000000070a600000, 0x000000070a600000| Untracked 
|  71|0x000000070a800000, 0x000000070a800000, 0x000000070aa00000|  0%| F|  |TAMS 0x000000070a800000, 0x000000070a800000| Untracked 
|  72|0x000000070aa00000, 0x000000070aa00000, 0x000000070ac00000|  0%| F|  |TAMS 0x000000070aa00000, 0x000000070aa00000| Untracked 
|  73|0x000000070ac00000, 0x000000070ac00000, 0x000000070ae00000|  0%| F|  |TAMS 0x000000070ac00000, 0x000000070ac00000| Untracked 
|  74|0x000000070ae00000, 0x000000070ae00000, 0x000000070b000000|  0%| F|  |TAMS 0x000000070ae00000, 0x000000070ae00000| Untracked 
|  75|0x000000070b000000, 0x000000070b000000, 0x000000070b200000|  0%| F|  |TAMS 0x000000070b000000, 0x000000070b000000| Untracked 
|  76|0x000000070b200000, 0x000000070b200000, 0x000000070b400000|  0%| F|  |TAMS 0x000000070b200000, 0x000000070b200000| Untracked 
|  77|0x000000070b400000, 0x000000070b400000, 0x000000070b600000|  0%| F|  |TAMS 0x000000070b400000, 0x000000070b400000| Untracked 
|  78|0x000000070b600000, 0x000000070b600000, 0x000000070b800000|  0%| F|  |TAMS 0x000000070b600000, 0x000000070b600000| Untracked 
|  79|0x000000070b800000, 0x000000070b800000, 0x000000070ba00000|  0%| F|  |TAMS 0x000000070b800000, 0x000000070b800000| Untracked 
|  80|0x000000070ba00000, 0x000000070ba00000, 0x000000070bc00000|  0%| F|  |TAMS 0x000000070ba00000, 0x000000070ba00000| Untracked 
|  81|0x000000070bc00000, 0x000000070bc00000, 0x000000070be00000|  0%| F|  |TAMS 0x000000070bc00000, 0x000000070bc00000| Untracked 
|  82|0x000000070be00000, 0x000000070be00000, 0x000000070c000000|  0%| F|  |TAMS 0x000000070be00000, 0x000000070be00000| Untracked 
|  83|0x000000070c000000, 0x000000070c000000, 0x000000070c200000|  0%| F|  |TAMS 0x000000070c000000, 0x000000070c000000| Untracked 
|  84|0x000000070c200000, 0x000000070c200000, 0x000000070c400000|  0%| F|  |TAMS 0x000000070c200000, 0x000000070c200000| Untracked 
|  85|0x000000070c400000, 0x000000070c400000, 0x000000070c600000|  0%| F|  |TAMS 0x000000070c400000, 0x000000070c400000| Untracked 
|  86|0x000000070c600000, 0x000000070c600000, 0x000000070c800000|  0%| F|  |TAMS 0x000000070c600000, 0x000000070c600000| Untracked 
|  87|0x000000070c800000, 0x000000070c800000, 0x000000070ca00000|  0%| F|  |TAMS 0x000000070c800000, 0x000000070c800000| Untracked 
|  88|0x000000070ca00000, 0x000000070ca00000, 0x000000070cc00000|  0%| F|  |TAMS 0x000000070ca00000, 0x000000070ca00000| Untracked 
|  89|0x000000070cc00000, 0x000000070cc00000, 0x000000070ce00000|  0%| F|  |TAMS 0x000000070cc00000, 0x000000070cc00000| Untracked 
|  90|0x000000070ce00000, 0x000000070ce00000, 0x000000070d000000|  0%| F|  |TAMS 0x000000070ce00000, 0x000000070ce00000| Untracked 
|  91|0x000000070d000000, 0x000000070d000000, 0x000000070d200000|  0%| F|  |TAMS 0x000000070d000000, 0x000000070d000000| Untracked 
|  92|0x000000070d200000, 0x000000070d200000, 0x000000070d400000|  0%| F|  |TAMS 0x000000070d200000, 0x000000070d200000| Untracked 
|  93|0x000000070d400000, 0x000000070d400000, 0x000000070d600000|  0%| F|  |TAMS 0x000000070d400000, 0x000000070d400000| Untracked 
|  94|0x000000070d600000, 0x000000070d600000, 0x000000070d800000|  0%| F|  |TAMS 0x000000070d600000, 0x000000070d600000| Untracked 
|  95|0x000000070d800000, 0x000000070d800000, 0x000000070da00000|  0%| F|  |TAMS 0x000000070d800000, 0x000000070d800000| Untracked 
|  96|0x000000070da00000, 0x000000070da00000, 0x000000070dc00000|  0%| F|  |TAMS 0x000000070da00000, 0x000000070da00000| Untracked 
|  97|0x000000070dc00000, 0x000000070dc00000, 0x000000070de00000|  0%| F|  |TAMS 0x000000070dc00000, 0x000000070dc00000| Untracked 
|  98|0x000000070de00000, 0x000000070de00000, 0x000000070e000000|  0%| F|  |TAMS 0x000000070de00000, 0x000000070de00000| Untracked 
|  99|0x000000070e000000, 0x000000070e000000, 0x000000070e200000|  0%| F|  |TAMS 0x000000070e000000, 0x000000070e000000| Untracked 
| 100|0x000000070e200000, 0x000000070e200000, 0x000000070e400000|  0%| F|  |TAMS 0x000000070e200000, 0x000000070e200000| Untracked 
| 101|0x000000070e400000, 0x000000070e4f9dd0, 0x000000070e600000| 48%| S|CS|TAMS 0x000000070e400000, 0x000000070e400000| Complete 
| 102|0x000000070e600000, 0x000000070e800000, 0x000000070e800000|100%| S|CS|TAMS 0x000000070e600000, 0x000000070e600000| Complete 
| 103|0x000000070e800000, 0x000000070e800000, 0x000000070ea00000|  0%| F|  |TAMS 0x000000070e800000, 0x000000070e800000| Untracked 
| 104|0x000000070ea00000, 0x000000070ea00000, 0x000000070ec00000|  0%| F|  |TAMS 0x000000070ea00000, 0x000000070ea00000| Untracked 
| 105|0x000000070ec00000, 0x000000070ec00000, 0x000000070ee00000|  0%| F|  |TAMS 0x000000070ec00000, 0x000000070ec00000| Untracked 
| 106|0x000000070ee00000, 0x000000070ee00000, 0x000000070f000000|  0%| F|  |TAMS 0x000000070ee00000, 0x000000070ee00000| Untracked 
| 107|0x000000070f000000, 0x000000070f000000, 0x000000070f200000|  0%| F|  |TAMS 0x000000070f000000, 0x000000070f000000| Untracked 
| 108|0x000000070f200000, 0x000000070f200000, 0x000000070f400000|  0%| F|  |TAMS 0x000000070f200000, 0x000000070f200000| Untracked 
| 109|0x000000070f400000, 0x000000070f400000, 0x000000070f600000|  0%| F|  |TAMS 0x000000070f400000, 0x000000070f400000| Untracked 
| 110|0x000000070f600000, 0x000000070f600000, 0x000000070f800000|  0%| F|  |TAMS 0x000000070f600000, 0x000000070f600000| Untracked 
| 111|0x000000070f800000, 0x000000070f800000, 0x000000070fa00000|  0%| F|  |TAMS 0x000000070f800000, 0x000000070f800000| Untracked 
| 112|0x000000070fa00000, 0x000000070fa00000, 0x000000070fc00000|  0%| F|  |TAMS 0x000000070fa00000, 0x000000070fa00000| Untracked 
| 113|0x000000070fc00000, 0x000000070fc00000, 0x000000070fe00000|  0%| F|  |TAMS 0x000000070fc00000, 0x000000070fc00000| Untracked 
| 114|0x000000070fe00000, 0x000000070fe00000, 0x0000000710000000|  0%| F|  |TAMS 0x000000070fe00000, 0x000000070fe00000| Untracked 
| 115|0x0000000710000000, 0x0000000710000000, 0x0000000710200000|  0%| F|  |TAMS 0x0000000710000000, 0x0000000710000000| Untracked 
| 116|0x0000000710200000, 0x0000000710200000, 0x0000000710400000|  0%| F|  |TAMS 0x0000000710200000, 0x0000000710200000| Untracked 
| 117|0x0000000710400000, 0x0000000710400000, 0x0000000710600000|  0%| F|  |TAMS 0x0000000710400000, 0x0000000710400000| Untracked 
| 118|0x0000000710600000, 0x0000000710600000, 0x0000000710800000|  0%| F|  |TAMS 0x0000000710600000, 0x0000000710600000| Untracked 
| 119|0x0000000710800000, 0x0000000710800000, 0x0000000710a00000|  0%| F|  |TAMS 0x0000000710800000, 0x0000000710800000| Untracked 
| 120|0x0000000710a00000, 0x0000000710a00000, 0x0000000710c00000|  0%| F|  |TAMS 0x0000000710a00000, 0x0000000710a00000| Untracked 
| 121|0x0000000710c00000, 0x0000000710c00000, 0x0000000710e00000|  0%| F|  |TAMS 0x0000000710c00000, 0x0000000710c00000| Untracked 
| 122|0x0000000710e00000, 0x0000000710e00000, 0x0000000711000000|  0%| F|  |TAMS 0x0000000710e00000, 0x0000000710e00000| Untracked 
| 123|0x0000000711000000, 0x0000000711000000, 0x0000000711200000|  0%| F|  |TAMS 0x0000000711000000, 0x0000000711000000| Untracked 
| 124|0x0000000711200000, 0x0000000711200000, 0x0000000711400000|  0%| F|  |TAMS 0x0000000711200000, 0x0000000711200000| Untracked 
| 125|0x0000000711400000, 0x0000000711400000, 0x0000000711600000|  0%| F|  |TAMS 0x0000000711400000, 0x0000000711400000| Untracked 
| 126|0x0000000711600000, 0x0000000711600000, 0x0000000711800000|  0%| F|  |TAMS 0x0000000711600000, 0x0000000711600000| Untracked 
| 127|0x0000000711800000, 0x000000071199cce8, 0x0000000711a00000| 80%| E|  |TAMS 0x0000000711800000, 0x0000000711800000| Complete 

Card table byte_map: [0x000001bef91e0000,0x000001bef99e0000] _byte_map_base: 0x000001bef59d3000

Marking Bits (Prev, Next): (CMBitMap*) 0x000001bef895e110, (CMBitMap*) 0x000001bef895e150
 Prev Bits: [0x000001befa1e0000, 0x000001befe178000)
 Next Bits: [0x000001be97160000, 0x000001be9b0f8000)

Polling page: 0x000001bef6840000

Metaspace:

Usage:
  Non-class:     10.52 MB capacity,    10.29 MB ( 98%) used,   214.34 KB (  2%) free+waste,    26.12 KB ( <1%) overhead. 
      Class:      1.66 MB capacity,     1.53 MB ( 92%) used,   122.20 KB (  7%) free+waste,    12.00 KB ( <1%) overhead. 
       Both:     12.19 MB capacity,    11.82 MB ( 97%) used,   336.54 KB (  3%) free+waste,    38.12 KB ( <1%) overhead. 

Virtual space:
  Non-class space:       24.00 MB reserved,      10.75 MB ( 45%) committed 
      Class space:        1.00 GB reserved,       1.75 MB ( <1%) committed 
             Both:        1.02 GB reserved,      12.50 MB (  1%) committed 

Chunk freelists:
   Non-Class:  39.00 KB
       Class:  27.00 KB
        Both:  66.00 KB

MaxMetaspaceSize: 17179869184.00 GB
CompressedClassSpaceSize: 1.00 GB

CodeHeap 'non-profiled nmethods': size=238912Kb used=2769Kb max_used=2769Kb free=236142Kb
 bounds [0x000001be88810000, 0x000001be88ad0000, 0x000001be97160000]
CodeHeap 'non-nmethods': size=6848Kb used=1200Kb max_used=1200Kb free=5648Kb
 bounds [0x000001be88160000, 0x000001be883d0000, 0x000001be88810000]
 total_blobs=2383 nmethods=1913 adapters=397
 compilation: enabled
              stopped_count=0, restarted_count=0
 full_count=0

Compilation events (20 events):
Event: 3.773 Thread 0x000001befefc30a0 nmethod 1900 0x000001be88ac0190 code [0x000001be88ac0340, 0x000001be88ac0478]
Event: 3.780 Thread 0x000001befefc30a0 1901       1       java.util.LinkedHashMap::newNode (23 bytes)
Event: 3.780 Thread 0x000001befefc30a0 nmethod 1901 0x000001be88ac0590 code [0x000001be88ac0740, 0x000001be88ac0b58]
Event: 3.780 Thread 0x000001befefc30a0 1902       1       java.util.LinkedHashMap::afterNodeInsertion (40 bytes)
Event: 3.781 Thread 0x000001befefc30a0 nmethod 1902 0x000001be88ac0c90 code [0x000001be88ac0e40, 0x000001be88ac0fe8]
Event: 3.797 Thread 0x000001befefc30a0 1903       1       java.util.Calendar::internalSet (8 bytes)
Event: 3.797 Thread 0x000001befefc30a0 nmethod 1903 0x000001be88ac1110 code [0x000001be88ac12a0, 0x000001be88ac1398]
Event: 3.803 Thread 0x000001befefc30a0 1904       1       java.util.zip.ZipUtils::get16 (21 bytes)
Event: 3.804 Thread 0x000001befefc30a0 nmethod 1904 0x000001be88ac1490 code [0x000001be88ac1620, 0x000001be88ac1718]
Event: 3.807 Thread 0x000001befefc30a0 1905       1       java.util.jar.JavaUtilJarAccessImpl::getTrustedAttributes (6 bytes)
Event: 3.807 Thread 0x000001befefc30a0 nmethod 1905 0x000001be88ac1810 code [0x000001be88ac19a0, 0x000001be88ac1a88]
Event: 3.809 Thread 0x000001befefc30a0 1906       1       java.lang.Character::isJavaIdentifierPart (5 bytes)
Event: 3.809 Thread 0x000001befefc30a0 nmethod 1906 0x000001be88ac1b10 code [0x000001be88ac1cc0, 0x000001be88ac1d98]
Event: 3.809 Thread 0x000001befefc30a0 1907       1       java.lang.Character::isJavaIdentifierPart (9 bytes)
Event: 3.809 Thread 0x000001befefc30a0 nmethod 1907 0x000001be88ac1e90 code [0x000001be88ac2040, 0x000001be88ac2118]
Event: 3.809 Thread 0x000001befefc30a0 1908       1       java.lang.CharacterDataLatin1::isJavaIdentifierPart (20 bytes)
Event: 3.809 Thread 0x000001befefc30a0 nmethod 1908 0x000001be88ac2190 code [0x000001be88ac2320, 0x000001be88ac2438]
Event: 3.825 Thread 0x000001befefc30a0 1909   !   1       java.lang.ref.ReferenceQueue::enqueue (119 bytes)
Event: 3.826 Thread 0x000001befefc30a0 nmethod 1909 0x000001be88ac2510 code [0x000001be88ac26e0, 0x000001be88ac2b48]
Event: 3.826 Thread 0x000001befefc30a0 1910       1       java.lang.ref.ReferenceQueue::reallyPoll (65 bytes)

GC Heap History (8 events):
Event: 2.031 GC heap before
{Heap before GC invocations=0 (full 0):
 garbage-first heap   total 262144K, used 10240K [0x0000000701a00000, 0x0000000800000000)
  region size 2048K, 6 young (12288K), 0 survivors (0K)
 Metaspace       used 5204K, capacity 5337K, committed 5632K, reserved 1056768K
  class space    used 614K, capacity 670K, committed 768K, reserved 1048576K
}
Event: 2.143 GC heap after
{Heap after GC invocations=1 (full 0):
 garbage-first heap   total 262144K, used 5660K [0x0000000701a00000, 0x0000000800000000)
  region size 2048K, 1 young (2048K), 1 survivors (2048K)
 Metaspace       used 5204K, capacity 5337K, committed 5632K, reserved 1056768K
  class space    used 614K, capacity 670K, committed 768K, reserved 1048576K
}
Event: 2.944 GC heap before
{Heap before GC invocations=1 (full 0):
 garbage-first heap   total 262144K, used 13852K [0x0000000701a00000, 0x0000000800000000)
  region size 2048K, 6 young (12288K), 1 survivors (2048K)
 Metaspace       used 6858K, capacity 6983K, committed 7040K, reserved 1056768K
  class space    used 818K, capacity 872K, committed 896K, reserved 1048576K
}
Event: 2.948 GC heap after
{Heap after GC invocations=2 (full 0):
 garbage-first heap   total 262144K, used 6827K [0x0000000701a00000, 0x0000000800000000)
  region size 2048K, 1 young (2048K), 1 survivors (2048K)
 Metaspace       used 6858K, capacity 6983K, committed 7040K, reserved 1056768K
  class space    used 818K, capacity 872K, committed 896K, reserved 1048576K
}
Event: 2.960 GC heap before
{Heap before GC invocations=2 (full 0):
 garbage-first heap   total 262144K, used 23211K [0x0000000701a00000, 0x0000000800000000)
  region size 2048K, 10 young (20480K), 1 survivors (2048K)
 Metaspace       used 6973K, capacity 7115K, committed 7296K, reserved 1056768K
  class space    used 824K, capacity 872K, committed 896K, reserved 1048576K
}
Event: 2.963 GC heap after
{Heap after GC invocations=3 (full 0):
 garbage-first heap   total 262144K, used 7016K [0x0000000701a00000, 0x0000000800000000)
  region size 2048K, 1 young (2048K), 1 survivors (2048K)
 Metaspace       used 6973K, capacity 7115K, committed 7296K, reserved 1056768K
  class space    used 824K, capacity 872K, committed 896K, reserved 1048576K
}
Event: 3.819 GC heap before
{Heap before GC invocations=3 (full 0):
 garbage-first heap   total 262144K, used 52072K [0x0000000701a00000, 0x0000000800000000)
  region size 2048K, 25 young (51200K), 1 survivors (2048K)
 Metaspace       used 12097K, capacity 12414K, committed 12544K, reserved 1071104K
  class space    used 1566K, capacity 1701K, committed 1792K, reserved 1048576K
}
Event: 3.825 GC heap after
{Heap after GC invocations=4 (full 0):
 garbage-first heap   total 262144K, used 8673K [0x0000000701a00000, 0x0000000800000000)
  region size 2048K, 2 young (4096K), 2 survivors (4096K)
 Metaspace       used 12097K, capacity 12414K, committed 12544K, reserved 1071104K
  class space    used 1566K, capacity 1701K, committed 1792K, reserved 1048576K
}

Deoptimization events (0 events):
No events

Classes unloaded (0 events):
No events

Classes redefined (0 events):
No events

Internal exceptions (20 events):
Event: 3.346 Thread 0x000001beff996800 Exception <a 'java/lang/NoSuchMethodError'{0x000000070f607f90}: 'int java.lang.invoke.DirectMethodHandle$Holder.invokeSpecial(java.lang.Object, java.lang.Object, java.lang.Object, java.lang.Object)'> (0x000000070f607f90) 
thrown [./open/src/hotspot/share/interpreter/linkResolver.cpp, line 782]
Event: 3.391 Thread 0x000001beff996800 Exception <a 'java/lang/NoSuchMethodError'{0x000000070f7644e8}: 'java.lang.Object java.lang.invoke.DirectMethodHandle$Holder.newInvokeSpecial(java.lang.Object, java.lang.Object, java.lang.Object, java.lang.Object, java.lang.Object, java.lang.Object)'> (0x000000070f7644e8) 
thrown [./open/src/hotspot/share/interpreter/linkResolver.cpp, line 782]
Event: 3.417 Thread 0x000001beff996800 Exception <a 'java/lang/NoSuchMethodError'{0x000000070f417838}: 'java.lang.Object java.lang.invoke.DirectMethodHandle$Holder.invokeSpecial(java.lang.Object, java.lang.Object, java.lang.Object, java.lang.Object, java.lang.Object, java.lang.Object, int)'> (0x000000070f417838) 
thrown [./open/src/hotspot/share/interpreter/linkResolver.cpp, line 782]
Event: 3.418 Thread 0x000001beff996800 Exception <a 'java/lang/NoSuchMethodError'{0x000000070f422ea8}: 'java.lang.Object java.lang.invoke.DirectMethodHandle$Holder.newInvokeSpecial(java.lang.Object, java.lang.Object, java.lang.Object, java.lang.Object, java.lang.Object, java.lang.Object, int)'> (0x000000070f422ea8) 
thrown [./open/src/hotspot/share/interpreter/linkResolver.cpp, line 782]
Event: 3.418 Thread 0x000001beff996800 Exception <a 'java/lang/NoSuchMethodError'{0x000000070f427ff0}: 'java.lang.Object java.lang.invoke.DirectMethodHandle$Holder.invokeSpecial(java.lang.Object, java.lang.Object, java.lang.Object, java.lang.Object, java.lang.Object, java.lang.Object, java.lang.Object, int)'> (0x000000070f427ff0) 
thrown [./open/src/hotspot/share/interpreter/linkResolver.cpp, line 782]
Event: 3.500 Thread 0x000001beff996800 Exception <a 'java/lang/NoSuchMethodError'{0x000000070f5d5288}: 'java.lang.Object java.lang.invoke.DirectMethodHandle$Holder.invokeSpecial(java.lang.Object, java.lang.Object, java.lang.Object, int, java.lang.Object)'> (0x000000070f5d5288) 
thrown [./open/src/hotspot/share/interpreter/linkResolver.cpp, line 782]
Event: 3.500 Thread 0x000001beff996800 Exception <a 'java/lang/NoSuchMethodError'{0x000000070f5de1d8}: 'java.lang.Object java.lang.invoke.DirectMethodHandle$Holder.newInvokeSpecial(java.lang.Object, java.lang.Object, java.lang.Object, int, java.lang.Object)'> (0x000000070f5de1d8) 
thrown [./open/src/hotspot/share/interpreter/linkResolver.cpp, line 782]
Event: 3.504 Thread 0x000001beff996800 Exception <a 'java/lang/NoSuchMethodError'{0x000000070f5fb890}: 'java.lang.Object java.lang.invoke.DirectMethodHandle$Holder.newInvokeSpecial(java.lang.Object, int, java.lang.Object)'> (0x000000070f5fb890) 
thrown [./open/src/hotspot/share/interpreter/linkResolver.cpp, line 782]
Event: 3.504 Thread 0x000001beff996800 Exception <a 'java/lang/NoSuchMethodError'{0x000000070f5ffa68}: 'int java.lang.invoke.DirectMethodHandle$Holder.invokeSpecialIFC(java.lang.Object, java.lang.Object, java.lang.Object, java.lang.Object)'> (0x000000070f5ffa68) 
thrown [./open/src/hotspot/share/interpreter/linkResolver.cpp, line 782]
Event: 3.530 Thread 0x000001beff996800 Exception <a 'java/lang/NoSuchMethodError'{0x000000070f2d8118}: 'void java.lang.invoke.DirectMethodHandle$Holder.invokeInterface(java.lang.Object, java.lang.Object, java.lang.Object)'> (0x000000070f2d8118) 
thrown [./open/src/hotspot/share/interpreter/linkResolver.cpp, line 782]
Event: 3.558 Thread 0x000001beff996800 Exception <a 'java/lang/NoSuchMethodError'{0x000000070f37d060}: 'java.lang.Object java.lang.invoke.DirectMethodHandle$Holder.invokeStatic(java.lang.Object, java.lang.Object, int)'> (0x000000070f37d060) 
thrown [./open/src/hotspot/share/interpreter/linkResolver.cpp, line 782]
Event: 3.559 Thread 0x000001beff996800 Exception <a 'java/lang/NoSuchMethodError'{0x000000070f388e58}: 'void java.lang.invoke.DelegatingMethodHandle$Holder.delegate(java.lang.Object, java.lang.Object, int, java.lang.Object)'> (0x000000070f388e58) 
thrown [./open/src/hotspot/share/interpreter/linkResolver.cpp, line 782]
Event: 3.611 Thread 0x000001beff996800 Exception <a 'java/lang/NoSuchMethodError'{0x000000070f0bb5d0}: 'void java.lang.invoke.DirectMethodHandle$Holder.invokeStatic(java.lang.Object, java.lang.Object, int)'> (0x000000070f0bb5d0) 
thrown [./open/src/hotspot/share/interpreter/linkResolver.cpp, line 782]
Event: 3.616 Thread 0x000001beff996800 Exception <a 'java/lang/NoSuchMethodError'{0x000000070f0d9eb8}: 'void java.lang.invoke.DirectMethodHandle$Holder.invokeStaticInit(java.lang.Object, java.lang.Object, java.lang.Object)'> (0x000000070f0d9eb8) 
thrown [./open/src/hotspot/share/interpreter/linkResolver.cpp, line 782]
Event: 3.635 Thread 0x000001beff996800 Exception <a 'java/lang/NoSuchMethodError'{0x000000070f13b030}: 'void java.lang.invoke.DirectMethodHandle$Holder.invokeVirtual(java.lang.Object, java.lang.Object, java.lang.Object, java.lang.Object)'> (0x000000070f13b030) 
thrown [./open/src/hotspot/share/interpreter/linkResolver.cpp, line 782]
Event: 3.682 Thread 0x000001beff94bb70 Exception <a 'java/lang/reflect/InvocationTargetException'{0x000000070fa2e320}> (0x000000070fa2e320) 
thrown [./open/src/hotspot/share/runtime/reflection.cpp, line 1157]
Event: 3.714 Thread 0x000001beff996800 Exception <a 'java/lang/NoSuchMethodError'{0x000000070ee921c8}: 'void java.lang.invoke.DirectMethodHandle$Holder.invokeSpecial(java.lang.Object, java.lang.Object, java.lang.Object, java.lang.Object, java.lang.Object)'> (0x000000070ee921c8) 
thrown [./open/src/hotspot/share/interpreter/linkResolver.cpp, line 782]
Event: 3.724 Thread 0x000001beffac33b0 Exception <a 'java/lang/NoClassDefFoundError'{0x000000070eeeba78}: javax/validation/Validation> (0x000000070eeeba78) 
thrown [./open/src/hotspot/share/classfile/systemDictionary.cpp, line 284]
Event: 3.736 Thread 0x000001beff996800 Exception <a 'java/lang/OutOfMemoryError'{0x000000070ec3a3d8}> (0x000000070ec3a3d8) 
thrown [./open/src/hotspot/share/prims/jni.cpp, line 599]
Event: 3.752 Thread 0x000001beffac33b0 Exception <a 'java/lang/NoSuchMethodError'{0x000000070edb2c78}: 'java.lang.Object java.lang.invoke.DirectMethodHandle$Holder.invokeStaticInit(java.lang.Object, java.lang.Object, java.lang.Object, java.lang.Object, java.lang.Object)'> (0x000000070edb2c78) 
thrown [./open/src/hotspot/share/interpreter/linkResolver.cpp, line 782]

Events (20 events):
Event: 3.768 loading class com/sun/org/apache/xalan/internal/utils/XMLSecurityPropertyManager$Property
Event: 3.768 loading class com/sun/org/apache/xalan/internal/utils/XMLSecurityPropertyManager$Property done
Event: 3.768 loading class com/sun/org/apache/xalan/internal/utils/XMLSecurityManager
Event: 3.768 loading class com/sun/org/apache/xalan/internal/utils/XMLSecurityManager done
Event: 3.768 loading class com/sun/org/apache/xalan/internal/utils/XMLSecurityManager$Limit
Event: 3.768 loading class com/sun/org/apache/xalan/internal/utils/XMLSecurityManager$Limit done
Event: 3.768 loading class com/sun/org/apache/xalan/internal/utils/XMLSecurityManager$State
Event: 3.768 loading class com/sun/org/apache/xalan/internal/utils/XMLSecurityManager$State done
Event: 3.768 loading class com/sun/org/apache/xalan/internal/utils/XMLSecurityManager$NameMap
Event: 3.768 loading class com/sun/org/apache/xalan/internal/utils/XMLSecurityManager$NameMap done
Event: 3.785 loading class java/beans/Transient
Event: 3.785 loading class java/beans/Transient done
Event: 3.785 loading class java/beans/ConstructorProperties
Event: 3.785 loading class java/beans/ConstructorProperties done
Event: 3.810 loading class java/util/concurrent/atomic/AtomicReference
Event: 3.810 loading class java/util/concurrent/atomic/AtomicReference done
Event: 3.819 Executing VM operation: CollectForMetadataAllocation
Event: 3.825 Executing VM operation: CollectForMetadataAllocation done
Event: 3.825 Executing VM operation: HandshakeAllThreads
Event: 3.825 Executing VM operation: HandshakeAllThreads done


Dynamic libraries:
0x00007ff730dc0000 - 0x00007ff730dcf000 	C:\Program Files\Java\jdk-15.0.2\bin\java.exe
0x00007ffa6e070000 - 0x00007ffa6e265000 	C:\WINDOWS\SYSTEM32\ntdll.dll
0x00007ffa6c790000 - 0x00007ffa6c84e000 	C:\WINDOWS\System32\KERNEL32.DLL
0x00007ffa6bb10000 - 0x00007ffa6bdd9000 	C:\WINDOWS\System32\KERNELBASE.dll
0x00007ffa6ba10000 - 0x00007ffa6bb10000 	C:\WINDOWS\System32\ucrtbase.dll
0x00007ffa618c0000 - 0x00007ffa618d8000 	C:\Program Files\Java\jdk-15.0.2\bin\jli.dll
0x00007ffa6c5a0000 - 0x00007ffa6c64c000 	C:\WINDOWS\System32\ADVAPI32.dll
0x00007ffa6d970000 - 0x00007ffa6da0e000 	C:\WINDOWS\System32\msvcrt.dll
0x00007ffa6da10000 - 0x00007ffa6daab000 	C:\WINDOWS\System32\sechost.dll
0x00007ffa6c660000 - 0x00007ffa6c78a000 	C:\WINDOWS\System32\RPCRT4.dll
0x00007ffa6c310000 - 0x00007ffa6c4b1000 	C:\WINDOWS\System32\USER32.dll
0x00007ffa6b7f0000 - 0x00007ffa6b812000 	C:\WINDOWS\System32\win32u.dll
0x00007ffa6cad0000 - 0x00007ffa6cafb000 	C:\WINDOWS\System32\GDI32.dll
0x00007ffa6be80000 - 0x00007ffa6bf8b000 	C:\WINDOWS\System32\gdi32full.dll
0x00007ffa6bde0000 - 0x00007ffa6be7d000 	C:\WINDOWS\System32\msvcp_win.dll
0x00007ffa58e60000 - 0x00007ffa590fa000 	C:\WINDOWS\WinSxS\amd64_microsoft.windows.common-controls_6595b64144ccf1df_6.0.19041.1110_none_60b5254171f9507e\COMCTL32.dll
0x00007ffa5f370000 - 0x00007ffa5f37a000 	C:\WINDOWS\SYSTEM32\VERSION.dll
0x00007ffa61b30000 - 0x00007ffa61b49000 	C:\Program Files\Java\jdk-15.0.2\bin\VCRUNTIME140.dll
0x00007ffa6df30000 - 0x00007ffa6df60000 	C:\WINDOWS\System32\IMM32.DLL
0x00007ffa63d40000 - 0x00007ffa63d4c000 	C:\Program Files\Java\jdk-15.0.2\bin\vcruntime140_1.dll
0x00007ffa3fda0000 - 0x00007ffa3fe31000 	C:\Program Files\Java\jdk-15.0.2\bin\msvcp140.dll
0x00007ffa02d60000 - 0x00007ffa038be000 	C:\Program Files\Java\jdk-15.0.2\bin\server\jvm.dll
0x00007ffa6d900000 - 0x00007ffa6d908000 	C:\WINDOWS\System32\PSAPI.DLL
0x00007ffa49430000 - 0x00007ffa49439000 	C:\WINDOWS\SYSTEM32\WSOCK32.dll
0x00007ffa6d4a0000 - 0x00007ffa6d50b000 	C:\WINDOWS\System32\WS2_32.dll
0x00007ffa5b230000 - 0x00007ffa5b257000 	C:\WINDOWS\SYSTEM32\WINMM.dll
0x00007ffa6a040000 - 0x00007ffa6a052000 	C:\WINDOWS\SYSTEM32\kernel.appcore.dll
0x00007ffa61b20000 - 0x00007ffa61b2a000 	C:\Program Files\Java\jdk-15.0.2\bin\jimage.dll
0x00007ffa66540000 - 0x00007ffa66724000 	C:\WINDOWS\SYSTEM32\DBGHELP.DLL
0x00007ffa5ff70000 - 0x00007ffa5ff9c000 	C:\WINDOWS\SYSTEM32\dbgcore.DLL
0x00007ffa6b820000 - 0x00007ffa6b8a3000 	C:\WINDOWS\System32\bcryptPrimitives.dll
0x00007ffa4f080000 - 0x00007ffa4f08e000 	C:\Program Files\Java\jdk-15.0.2\bin\instrument.dll
0x00007ffa5e690000 - 0x00007ffa5e6b5000 	C:\Program Files\Java\jdk-15.0.2\bin\java.dll
0x00007ffa6cb00000 - 0x00007ffa6d23f000 	C:\WINDOWS\System32\SHELL32.dll
0x00007ffa69870000 - 0x00007ffa6a000000 	C:\WINDOWS\SYSTEM32\windows.storage.dll
0x00007ffa6d510000 - 0x00007ffa6d865000 	C:\WINDOWS\System32\combase.dll
0x00007ffa6b170000 - 0x00007ffa6b19c000 	C:\WINDOWS\SYSTEM32\Wldp.dll
0x00007ffa6d3f0000 - 0x00007ffa6d49d000 	C:\WINDOWS\System32\SHCORE.dll
0x00007ffa6ca70000 - 0x00007ffa6cac5000 	C:\WINDOWS\System32\shlwapi.dll
0x00007ffa6b6d0000 - 0x00007ffa6b6ef000 	C:\WINDOWS\SYSTEM32\profapi.dll
0x00007ffa58990000 - 0x00007ffa589a8000 	C:\Program Files\Java\jdk-15.0.2\bin\zip.dll
0x00007ffa5ead0000 - 0x00007ffa5eae9000 	C:\Program Files\Java\jdk-15.0.2\bin\net.dll
0x00007ffa5daa0000 - 0x00007ffa5dba8000 	C:\WINDOWS\SYSTEM32\WINHTTP.dll
0x00007ffa6ae70000 - 0x00007ffa6aeda000 	C:\WINDOWS\system32\mswsock.dll
0x00007ffa5b760000 - 0x00007ffa5b772000 	C:\Program Files\Java\jdk-15.0.2\bin\nio.dll
0x00007ffa437b0000 - 0x00007ffa437ca000 	C:\Program Files\JetBrains\IntelliJ IDEA 2020.3.2\bin\breakgen64.dll
0x00007ffa6aba0000 - 0x00007ffa6ac6c000 	C:\WINDOWS\SYSTEM32\DNSAPI.dll
0x00007ffa6ab60000 - 0x00007ffa6ab9b000 	C:\WINDOWS\SYSTEM32\IPHLPAPI.DLL
0x00007ffa6c650000 - 0x00007ffa6c658000 	C:\WINDOWS\System32\NSI.dll
0x00007ffa5dca0000 - 0x00007ffa5dcaa000 	C:\Windows\System32\rasadhlp.dll
0x00007ffa5da20000 - 0x00007ffa5da9f000 	C:\WINDOWS\System32\fwpuclnt.dll
0x00007ffa6bf90000 - 0x00007ffa6bfb7000 	C:\WINDOWS\System32\bcrypt.dll
0x00007ffa4f060000 - 0x00007ffa4f069000 	C:\Program Files\Java\jdk-15.0.2\bin\management.dll
0x00007ffa437a0000 - 0x00007ffa437ab000 	C:\Program Files\Java\jdk-15.0.2\bin\management_ext.dll
0x00007ffa6b060000 - 0x00007ffa6b078000 	C:\WINDOWS\SYSTEM32\CRYPTSP.dll
0x00007ffa6a7f0000 - 0x00007ffa6a824000 	C:\WINDOWS\system32\rsaenh.dll
0x00007ffa6b650000 - 0x00007ffa6b67e000 	C:\WINDOWS\SYSTEM32\USERENV.dll
0x00007ffa6b080000 - 0x00007ffa6b08c000 	C:\WINDOWS\SYSTEM32\CRYPTBASE.dll
0x00007ffa65f70000 - 0x00007ffa65f87000 	C:\WINDOWS\SYSTEM32\dhcpcsvc6.DLL
0x00007ffa65f50000 - 0x00007ffa65f6d000 	C:\WINDOWS\SYSTEM32\dhcpcsvc.DLL
0x00007ffa3cd10000 - 0x00007ffa3cd27000 	C:\WINDOWS\system32\napinsp.dll
0x00007ffa3ccf0000 - 0x00007ffa3cd0b000 	C:\WINDOWS\system32\pnrpnsp.dll
0x00007ffa63a50000 - 0x00007ffa63a65000 	C:\WINDOWS\system32\wshbth.dll
0x00007ffa60820000 - 0x00007ffa6083d000 	C:\WINDOWS\system32\NLAapi.dll
0x00007ffa3ccd0000 - 0x00007ffa3cce2000 	C:\WINDOWS\System32\winrnr.dll

dbghelp: loaded successfully - version: 4.0.5 - missing functions: none
symbol engine: initialized successfully - sym options: 0x614 - pdb path: .;C:\Program Files\Java\jdk-15.0.2\bin;C:\WINDOWS\SYSTEM32;C:\WINDOWS\WinSxS\amd64_microsoft.windows.common-controls_6595b64144ccf1df_6.0.19041.1110_none_60b5254171f9507e;C:\Program Files\Java\jdk-15.0.2\bin\server;C:\Program Files\JetBrains\IntelliJ IDEA 2020.3.2\bin

VM Arguments:
jvm_args: -XX:TieredStopAtLevel=1 -Xverify:none -Dspring.output.ansi.enabled=always -javaagent:C:\Program Files\JetBrains\IntelliJ IDEA 2020.3.2\lib\idea_rt.jar=63918:C:\Program Files\JetBrains\IntelliJ IDEA 2020.3.2\bin -Dcom.sun.management.jmxremote -Dspring.jmx.enabled=true -Dspring.liveBeansView.mbeanDomain -Dspring.application.admin.enabled=true -Dfile.encoding=UTF-8 
java_command: by.perkal.FindYourTutorApplication
java_class_path (initial): C:\Java-II\FindYourTutor\target\classes;C:\Users\Alexey\.m2\repository\com\zaxxer\HikariCP\4.0.3\HikariCP-4.0.3.jar;C:\Users\Alexey\.m2\repository\org\slf4j\slf4j-api\1.7.32\slf4j-api-1.7.32.jar;C:\Users\Alexey\.m2\repository\org\postgresql\postgresql\42.2.24\postgresql-42.2.24.jar;C:\Users\Alexey\.m2\repository\org\checkerframework\checker-qual\3.5.0\checker-qual-3.5.0.jar;C:\Users\Alexey\.m2\repository\org\springframework\data\spring-data-jpa\2.5.6\spring-data-jpa-2.5.6.jar;C:\Users\Alexey\.m2\repository\org\springframework\data\spring-data-commons\2.5.6\spring-data-commons-2.5.6.jar;C:\Users\Alexey\.m2\repository\org\springframework\spring-orm\5.3.12\spring-orm-5.3.12.jar;C:\Users\Alexey\.m2\repository\org\springframework\spring-jdbc\5.3.12\spring-jdbc-5.3.12.jar;C:\Users\Alexey\.m2\repository\org\springframework\spring-context\5.3.12\spring-context-5.3.12.jar;C:\Users\Alexey\.m2\repository\org\springframework\spring-expression\5.3.12\spring-expression-5.3.12.jar;C:\Users\Alexey\.m2\repository\org\springframework\spring-aop\5.3.12\spring-aop-5.3.12.jar;C:\Users\Alexey\.m2\repository\org\springframework\spring-tx\5.3.12\spring-tx-5.3.12.jar;C:\Users\Alexey\.m2\repository\org\springframework\spring-beans\5.3.12\spring-beans-5.3.12.jar;C:\Users\Alexey\.m2\repository\org\springframework\spring-core\5.3.12\spring-core-5.3.12.jar;C:\Users\Alexey\.m2\repository\org\springframework\spring-jcl\5.3.12\spring-jcl-5.3.12.jar;C:\Users\Alexey\.m2\repository\org\aspectj\aspectjrt\1.9.7\aspectjrt-1.9.7.jar;C:\Users\Alexey\.m2\repository\org\hibernate\hibernate-core\5.4.32.Final\hibernate-core-5.4.32.Final.jar;C:\Users\Alexey\.m2\repository\org\jboss\logging\jboss-logging\3.4.2.Final\jboss-logging-3.4.2.Final.jar;C:\Users\Alexey\.m2\repository\javax\persistence\javax.persistence-api\2.2\javax.persistence-api-2.2.jar;C:\Users\Alexey\.m2\repository\org\javassist\javassist\3.27.0-GA\javassist-3.27.0-GA.jar;C:\Users\Alexey\.m2\repository\net\bytebuddy\byt
Launcher Type: SUN_STANDARD

[Global flags]
     intx CICompilerCount                          = 3                                         {product} {ergonomic}
     uint ConcGCThreads                            = 1                                         {product} {ergonomic}
     uint G1ConcRefinementThreads                  = 4                                         {product} {ergonomic}
   size_t G1HeapRegionSize                         = 2097152                                   {product} {ergonomic}
    uintx GCDrainStackTargetSize                   = 64                                        {product} {ergonomic}
   size_t InitialHeapSize                          = 268435456                                 {product} {ergonomic}
     bool ManagementServer                         = true                                      {product} {command line}
   size_t MarkStackSize                            = 4194304                                   {product} {ergonomic}
   size_t MaxHeapSize                              = 4267704320                                {product} {ergonomic}
   size_t MaxNewSize                               = 2560622592                                {product} {ergonomic}
   size_t MinHeapDeltaBytes                        = 2097152                                   {product} {ergonomic}
   size_t MinHeapSize                              = 8388608                                   {product} {ergonomic}
    uintx NonNMethodCodeHeapSize                   = 6973028                                {pd product} {ergonomic}
    uintx NonProfiledCodeHeapSize                  = 244685212                              {pd product} {ergonomic}
    uintx ProfiledCodeHeapSize                     = 0                                      {pd product} {ergonomic}
    uintx ReservedCodeCacheSize                    = 251658240                              {pd product} {ergonomic}
     bool SegmentedCodeCache                       = true                                      {product} {ergonomic}
   size_t SoftMaxHeapSize                          = 4267704320                             {manageable} {ergonomic}
     intx TieredStopAtLevel                        = 1                                         {product} {command line}
     bool UseCompressedClassPointers               = true                                 {lp64_product} {ergonomic}
     bool UseCompressedOops                        = true                                 {lp64_product} {ergonomic}
     bool UseG1GC                                  = true                                      {product} {ergonomic}
     bool UseLargePagesIndividualAllocation        = false                                  {pd product} {ergonomic}

Logging:
Log output configuration:
 #0: stdout all=warning uptime,level,tags
 #1: stderr all=off uptime,level,tags

Environment Variables:
JAVA_HOME=C:\Program Files\Java\jdk-15.0.2
CLASSPATH=.;
PATH=C:\Python39\Scripts\;C:\Python39\;C:\Program Files\Common Files\Oracle\Java\javapath;C:\WINDOWS\system32;C:\WINDOWS;C:\WINDOWS\System32\Wbem;C:\WINDOWS\System32\WindowsPowerShell\v1.0\;C:\Program Files\PuTTY\;C:\Program Files\Calibre2\;C:\WINDOWS\System32\OpenSSH\;C:\Program Files\Intel\WiFi\bin\;C:\Program Files\Common Files\Intel\WirelessCommon\;C:\Users\Alexey\.dnx\bin;C:\Program Files\Microsoft DNX\Dnvm\;C:\Program Files\Microsoft SQL Server\130\Tools\Binn\;C:\Program Files\dotnet\;C:\Program Files\Microsoft SQL Server\Client SDK\ODBC\170\Tools\Binn\;C:\Program Files\Java\jdk-15.0.2\bin;C:\Program Files (x86)\Microsoft SQL Server\150\Tools\Binn\;C:\Program Files\Microsoft SQL Server\150\Tools\Binn\;C:\Program Files\Microsoft SQL Server\150\DTS\Binn\;C:\Program Files (x86)\Microsoft SQL Server\150\DTS\Binn\;C:\Program Files\Azure Data Studio\bin;C:\Program Files\Git\cmd;C:\ProgramData\chocolatey\bin;C:\Program Files (x86)\Intel\Intel(R) Management Engine Components\DAL;C:\Program Files\Intel\Intel(R) Management Engine Components\DAL;C:\Program Files\nodejs\;C:\Users\Alexey\AppData\Local\Microsoft\WindowsApps;C:\Program Files\Intel\WiFi\bin\;C:\Program Files\Common Files\Intel\WirelessCommon\;C:\Users\Alexey\.dotnet\tools;C:\Program Files\Azure Data Studio\bin;C:\Program Files\JetBrains\IntelliJ IDEA Community Edition 2020.3.2\bin;;C:\Users\Alexey\AppData\Local\Programs\Microsoft VS Code\bin;C:\apache-maven-3.8.1\bin;C:\Users\Alexey\AppData\Roaming\npm
USERNAME=Alexey
OS=Windows_NT
PROCESSOR_IDENTIFIER=Intel64 Family 6 Model 142 Stepping 9, GenuineIntel



---------------  S Y S T E M  ---------------

OS:
 Windows 10 , 64 bit Build 19041 (10.0.19041.1202)
OS uptime: 8 days 10:51 hours

CPU: total 4 (initial active 4) (2 cores per cpu, 2 threads per core) family 6 model 142 stepping 9 microcode 0xb4, cmov, cx8, fxsr, mmx, sse, sse2, sse3, ssse3, sse4.1, sse4.2, popcnt, vzeroupper, avx, avx2, aes, clmul, erms, 3dnowpref, lzcnt, ht, tsc, tscinvbit, bmi1, bmi2, adx, fma, clflush, clflushopt

Memory: 4k page, system-wide physical 16279M (928M free)
TotalPageFile size 24375M (AvailPageFile size 0M)
current process WorkingSet (physical memory assigned to process): 110M, peak: 110M
current process commit charge ("private bytes"): 356M, peak: 356M

vm_info: Java HotSpot(TM) 64-Bit Server VM (15.0.2+7-27) for windows-amd64 JRE (15.0.2+7-27), built on Dec  7 2020 20:07:01 by "mach5one" with unknown MS VC++:1925

END.
